2022-03-29 19:59:32.654 [main] INFO  io.github.bonigarcia.wdm.WebDriverManager - Using chromedriver 99.0.4844.51 (resolved driver for Chrome 99)
2022-03-29 19:59:32.737 [main] INFO  io.github.bonigarcia.wdm.WebDriverManager - Exporting webdriver.chrome.driver as C:\Users\Professional\.cache\selenium\chromedriver\win32\99.0.4844.51\chromedriver.exe
2022-03-29 19:59:38.815 [main] INFO  MainPageTest - I Love To Eat Fruits And Vegetables Add Ten Books To Cart Test
2022-03-29 19:59:38.816 [main] INFO  Pages.BasePage - Clicking element with xpath//a[@aria-controls = 'SiteNavLabel-books-by-language']
2022-03-29 19:59:38.995 [main] INFO  Pages.BasePage - Clicking element with xpath//a[text()='English Only']
2022-03-29 19:59:40.661 [main] INFO  Pages.BasePage - Check element with xpath exists//h1[text()='English Only']
2022-03-29 19:59:40.752 [main] INFO  Pages.BasePage - Clicking element with xpath//img[@alt='I-Love-to-Eat-Fruits-and-Vegetables-kids-bunnies-bedtime-story-Shelley-Admont-English-cover']
2022-03-29 19:59:41.508 [main] INFO  Pages.BasePage - Check element with xpath exists//div[@class='product-single__meta']//h1[1]
2022-03-29 19:59:41.724 [main] INFO  Pages.BasePage - Sending text to xpath//input[@name='quantity']
2022-03-29 19:59:42.075 [main] INFO  Pages.BasePage - Check text added to xpath //input[@name='quantity']
2022-03-29 19:59:42.267 [AsyncHttpClient-1-4] WARN  org.asynchttpclient.netty.handler.WebSocketHandler - onError
java.net.SocketException: Connection reset
	at sun.nio.ch.SocketChannelImpl.throwConnectionReset(SocketChannelImpl.java:394) ~[?:?]
	at sun.nio.ch.SocketChannelImpl.read(SocketChannelImpl.java:426) ~[?:?]
	at io.netty.buffer.PooledByteBuf.setBytes(PooledByteBuf.java:258) ~[netty-buffer-4.1.73.Final.jar:4.1.73.Final]
	at io.netty.buffer.AbstractByteBuf.writeBytes(AbstractByteBuf.java:1132) ~[netty-buffer-4.1.73.Final.jar:4.1.73.Final]
	at io.netty.channel.socket.nio.NioSocketChannel.doReadBytes(NioSocketChannel.java:350) ~[netty-transport-4.1.73.Final.jar:4.1.73.Final]
	at io.netty.channel.nio.AbstractNioByteChannel$NioByteUnsafe.read(AbstractNioByteChannel.java:151) [netty-transport-4.1.73.Final.jar:4.1.73.Final]
	at io.netty.channel.nio.NioEventLoop.processSelectedKey(NioEventLoop.java:722) [netty-transport-4.1.73.Final.jar:4.1.73.Final]
	at io.netty.channel.nio.NioEventLoop.processSelectedKeysOptimized(NioEventLoop.java:658) [netty-transport-4.1.73.Final.jar:4.1.73.Final]
	at io.netty.channel.nio.NioEventLoop.processSelectedKeys(NioEventLoop.java:584) [netty-transport-4.1.73.Final.jar:4.1.73.Final]
	at io.netty.channel.nio.NioEventLoop.run(NioEventLoop.java:496) [netty-transport-4.1.73.Final.jar:4.1.73.Final]
	at io.netty.util.concurrent.SingleThreadEventExecutor$4.run(SingleThreadEventExecutor.java:986) [netty-common-4.1.73.Final.jar:4.1.73.Final]
	at io.netty.util.internal.ThreadExecutorMap$2.run(ThreadExecutorMap.java:74) [netty-common-4.1.73.Final.jar:4.1.73.Final]
	at io.netty.util.concurrent.FastThreadLocalRunnable.run(FastThreadLocalRunnable.java:30) [netty-common-4.1.73.Final.jar:4.1.73.Final]
	at java.lang.Thread.run(Thread.java:833) [?:?]
